{"uuid":"ad2b70dd-fe3c-4da4-bf64-ce792ad46b44","historyId":"e422f0ed8a9b7eb4a2ca159c34a2dc89","fullName":"src/test/resources/Features/Logout.feature:13","labels":[{"name":"tag","value":"logout"},{"name":"host","value":"LIN30000593"},{"name":"thread","value":"64124@LIN30000593.main(1)"},{"name":"feature","value":"verify logout functionality"},{"name":"story","value":"logout function"},{"name":"suite","value":"verify logout functionality"},{"name":"testClass","value":"logout function"},{"name":"framework","value":"cucumber4jvm"},{"name":"language","value":"java"},{"name":"gherkin_uri","value":"file:///C:/Users/SEDHU/intellij%20workspace/saucedemo_project/src/test/resources/Features/Logout.feature"},{"name":"package","value":"src.test.resources.Features.Logout_feature.verify logout functionality"}],"links":[],"name":"logout function","status":"failed","statusDetails":{"known":false,"muted":false,"flaky":false,"message":"no such element: Unable to locate element: {\"method\":\"css selector\",\"selector\":\".bm\\-burger\\-button\"}\n  (Session info: chrome=121.0.6167.185)\nFor documentation on this error, please visit: https://www.selenium.dev/documentation/webdriver/troubleshooting/errors#no-such-element-exception\nBuild info: version: '4.16.1', revision: '9b4c83354e'\nSystem info: os.name: 'Windows 10', os.arch: 'amd64', os.version: '10.0', java.version: '11.0.12'\nDriver info: org.openqa.selenium.chrome.ChromeDriver\nCommand: [e86694d427c2744795684980de91c307, findElement {using=class name, value=bm-burger-button}]\nCapabilities {acceptInsecureCerts: false, browserName: chrome, browserVersion: 121.0.6167.185, chrome: {chromedriverVersion: 121.0.6167.184 (057a8ae7deb..., userDataDir: C:\\Users\\SEDHU\\AppData\\Loca...}, fedcm:accounts: true, goog:chromeOptions: {debuggerAddress: localhost:56745}, networkConnectionEnabled: false, pageLoadStrategy: normal, platformName: windows, proxy: Proxy(), se:cdp: ws://localhost:56745/devtoo..., se:cdpVersion: 121.0.6167.185, setWindowRect: true, strictFileInteractability: false, timeouts: {implicit: 0, pageLoad: 300000, script: 30000}, unhandledPromptBehavior: dismiss and notify, webauthn:extension:credBlob: true, webauthn:extension:largeBlob: true, webauthn:extension:minPinLength: true, webauthn:extension:prf: true, webauthn:virtualAuthenticators: true}\nSession ID: e86694d427c2744795684980de91c307","trace":"java.lang.AssertionError: no such element: Unable to locate element: {\"method\":\"css selector\",\"selector\":\".bm\\-burger\\-button\"}\n  (Session info: chrome=121.0.6167.185)\nFor documentation on this error, please visit: https://www.selenium.dev/documentation/webdriver/troubleshooting/errors#no-such-element-exception\nBuild info: version: '4.16.1', revision: '9b4c83354e'\nSystem info: os.name: 'Windows 10', os.arch: 'amd64', os.version: '10.0', java.version: '11.0.12'\nDriver info: org.openqa.selenium.chrome.ChromeDriver\nCommand: [e86694d427c2744795684980de91c307, findElement {using=class name, value=bm-burger-button}]\nCapabilities {acceptInsecureCerts: false, browserName: chrome, browserVersion: 121.0.6167.185, chrome: {chromedriverVersion: 121.0.6167.184 (057a8ae7deb..., userDataDir: C:\\Users\\SEDHU\\AppData\\Loca...}, fedcm:accounts: true, goog:chromeOptions: {debuggerAddress: localhost:56745}, networkConnectionEnabled: false, pageLoadStrategy: normal, platformName: windows, proxy: Proxy(), se:cdp: ws://localhost:56745/devtoo..., se:cdpVersion: 121.0.6167.185, setWindowRect: true, strictFileInteractability: false, timeouts: {implicit: 0, pageLoad: 300000, script: 30000}, unhandledPromptBehavior: dismiss and notify, webauthn:extension:credBlob: true, webauthn:extension:largeBlob: true, webauthn:extension:minPinLength: true, webauthn:extension:prf: true, webauthn:virtualAuthenticators: true}\nSession ID: e86694d427c2744795684980de91c307\r\n\tat org.junit.Assert.fail(Assert.java:89)\r\n\tat com.lao.step_definitions.Logout.user_should_able_to_logout(Logout.java:30)\r\n\tat ✽.user should able to logout(file:///C:/Users/SEDHU/intellij%20workspace/saucedemo_project/src/test/resources/Features/Logout.feature:8)\r\n"},"stage":"finished","steps":[{"name":"Given  user on login page","status":"passed","statusDetails":{"known":false,"muted":false,"flaky":false},"stage":"finished","steps":[],"attachments":[],"parameters":[],"start":1709567620544,"stop":1709567620625},{"name":"When  user enters below credentials header\"performance_glitch_use\" and \"secret_sauce\"","status":"passed","statusDetails":{"known":false,"muted":false,"flaky":false},"stage":"finished","steps":[],"attachments":[],"parameters":[],"start":1709567620625,"stop":1709567620925},{"name":"And  clicked login button","status":"passed","statusDetails":{"known":false,"muted":false,"flaky":false},"stage":"finished","steps":[],"attachments":[],"parameters":[],"start":1709567620925,"stop":1709567623075},{"name":"Then  user should be navigated to the  homepage","status":"passed","statusDetails":{"known":false,"muted":false,"flaky":false},"stage":"finished","steps":[],"attachments":[],"parameters":[],"start":1709567623075,"stop":1709567625102},{"name":"And  user should able to logout","status":"failed","statusDetails":{"known":false,"muted":false,"flaky":false,"message":"no such element: Unable to locate element: {\"method\":\"css selector\",\"selector\":\".bm\\-burger\\-button\"}\n  (Session info: chrome=121.0.6167.185)\nFor documentation on this error, please visit: https://www.selenium.dev/documentation/webdriver/troubleshooting/errors#no-such-element-exception\nBuild info: version: '4.16.1', revision: '9b4c83354e'\nSystem info: os.name: 'Windows 10', os.arch: 'amd64', os.version: '10.0', java.version: '11.0.12'\nDriver info: org.openqa.selenium.chrome.ChromeDriver\nCommand: [e86694d427c2744795684980de91c307, findElement {using=class name, value=bm-burger-button}]\nCapabilities {acceptInsecureCerts: false, browserName: chrome, browserVersion: 121.0.6167.185, chrome: {chromedriverVersion: 121.0.6167.184 (057a8ae7deb..., userDataDir: C:\\Users\\SEDHU\\AppData\\Loca...}, fedcm:accounts: true, goog:chromeOptions: {debuggerAddress: localhost:56745}, networkConnectionEnabled: false, pageLoadStrategy: normal, platformName: windows, proxy: Proxy(), se:cdp: ws://localhost:56745/devtoo..., se:cdpVersion: 121.0.6167.185, setWindowRect: true, strictFileInteractability: false, timeouts: {implicit: 0, pageLoad: 300000, script: 30000}, unhandledPromptBehavior: dismiss and notify, webauthn:extension:credBlob: true, webauthn:extension:largeBlob: true, webauthn:extension:minPinLength: true, webauthn:extension:prf: true, webauthn:virtualAuthenticators: true}\nSession ID: e86694d427c2744795684980de91c307","trace":"java.lang.AssertionError: no such element: Unable to locate element: {\"method\":\"css selector\",\"selector\":\".bm\\-burger\\-button\"}\n  (Session info: chrome=121.0.6167.185)\nFor documentation on this error, please visit: https://www.selenium.dev/documentation/webdriver/troubleshooting/errors#no-such-element-exception\nBuild info: version: '4.16.1', revision: '9b4c83354e'\nSystem info: os.name: 'Windows 10', os.arch: 'amd64', os.version: '10.0', java.version: '11.0.12'\nDriver info: org.openqa.selenium.chrome.ChromeDriver\nCommand: [e86694d427c2744795684980de91c307, findElement {using=class name, value=bm-burger-button}]\nCapabilities {acceptInsecureCerts: false, browserName: chrome, browserVersion: 121.0.6167.185, chrome: {chromedriverVersion: 121.0.6167.184 (057a8ae7deb..., userDataDir: C:\\Users\\SEDHU\\AppData\\Loca...}, fedcm:accounts: true, goog:chromeOptions: {debuggerAddress: localhost:56745}, networkConnectionEnabled: false, pageLoadStrategy: normal, platformName: windows, proxy: Proxy(), se:cdp: ws://localhost:56745/devtoo..., se:cdpVersion: 121.0.6167.185, setWindowRect: true, strictFileInteractability: false, timeouts: {implicit: 0, pageLoad: 300000, script: 30000}, unhandledPromptBehavior: dismiss and notify, webauthn:extension:credBlob: true, webauthn:extension:largeBlob: true, webauthn:extension:minPinLength: true, webauthn:extension:prf: true, webauthn:virtualAuthenticators: true}\nSession ID: e86694d427c2744795684980de91c307\r\n\tat org.junit.Assert.fail(Assert.java:89)\r\n\tat com.lao.step_definitions.Logout.user_should_able_to_logout(Logout.java:30)\r\n\tat ✽.user should able to logout(file:///C:/Users/SEDHU/intellij%20workspace/saucedemo_project/src/test/resources/Features/Logout.feature:8)\r\n"},"stage":"finished","steps":[],"attachments":[],"parameters":[],"start":1709567625102,"stop":1709567625150}],"attachments":[],"parameters":[{"name":"username","value":"performance_glitch_use"},{"name":"password","value":"secret_sauce"}],"start":1709567620544,"stop":1709567625342}